CPU Monitoring Log - Started at 2025-09-24 13:04:03.854728
============================================================
Timestamp            CPU %      Per Core
------------------------------------------------------------
2025-09-24 13:04:03  9.4        [17.8, 2.0, 17.8, 0.0]
2025-09-24 13:04:05  55.7       [67.8, 43.0, 68.5, 42.5]
2025-09-24 13:04:07  10.0       [11.9, 0.5, 14.0, 1.0]
2025-09-24 13:04:09  8.4        [19.8, 0.5, 18.9, 0.0]
2025-09-24 13:04:11  2.3        [5.0, 0.5, 3.5, 0.0]
2025-09-24 13:04:13  2.0        [6.0, 0.0, 3.5, 0.0]
2025-09-24 13:04:15  2.7        [5.5, 0.0, 4.0, 0.0]
2025-09-24 13:04:17  5.2        [8.0, 1.0, 5.5, 1.0]
2025-09-24 13:04:19  4.0        [7.5, 1.0, 4.5, 0.0]
2025-09-24 13:04:21  4.7        [8.5, 1.5, 6.0, 0.5]
2025-09-24 13:04:23  3.7        [6.5, 0.0, 4.5, 0.5]
2025-09-24 13:04:25  11.3       [29.6, 4.5, 28.1, 3.5]
2025-09-24 13:04:27  7.3        [10.5, 1.5, 8.0, 1.0]
2025-09-24 13:04:29  12.0       [23.5, 3.0, 17.4, 2.5]
2025-09-24 13:04:31  8.3        [21.7, 3.5, 20.2, 3.0]
------------------------------------------------------------
Monitoring completed at 2025-09-24 13:04:33.948182

System Information:
  CPU Count (Logical): 4
  CPU Count (Physical): 2
  CPU Frequency: 2300.00 MHz
